;  LST file generated by mikroListExporter - v.2.0 
; Date/Time: 14/09/2023 00:24:00
;----------------------------------------------

;Address Opcode 	ASM
0x0000	0x29ED      	GOTO       493
_interrupt:
0x0004	0x00FF      	MOVWF      R15
0x0005	0x0E03      	SWAPF      STATUS, 0
0x0006	0x0183      	CLRF       STATUS
0x0007	0x00E0      	MOVWF      ___saveSTATUS
0x0008	0x080A      	MOVF       PCLATH, 0
0x0009	0x00DF      	MOVWF      ___savePCLATH
0x000A	0x018A      	CLRF       PCLATH
0x000B	0x0870      	MOVF       R0, 0
0x000C	0x00A4      	MOVWF      36
0x000D	0x0871      	MOVF       R1, 0
0x000E	0x00A3      	MOVWF      35
0x000F	0x0872      	MOVF       R2, 0
0x0010	0x00A2      	MOVWF      34
0x0011	0x087C      	MOVF       R12, 0
0x0012	0x00A1      	MOVWF      33
0x0013	0x087D      	MOVF       R13, 0
0x0014	0x00A0      	MOVWF      32
0x0015	0x0804      	MOVF       FSR, 0
0x0016	0x00A5      	MOVWF      37
;Lcd.mpas,35 :: 		begin
;Lcd.mpas,36 :: 		PIR1.RCIF:=0;
0x0017	0x128C      	BCF        PIR1, 5
;Lcd.mpas,37 :: 		PIR1.TMR1IF:=0;
0x0018	0x100C      	BCF        PIR1, 0
;Lcd.mpas,39 :: 		for g:= 0 to 49 do
0x0019	0x01DB      	CLRF       _g
L__interrupt2:
;Lcd.mpas,41 :: 		mov[g]:= ADC_Read(0);
0x001A	0x085B      	MOVF       _g, 0
0x001B	0x3EA0      	ADDLW      _mov
0x001C	0x00E7      	MOVWF      FLOC__interrupt
0x001D	0x01E8      	CLRF       FARG_ADC_Read_channel
0x001E	0x215D      	CALL       _ADC_Read
0x001F	0x0867      	MOVF       FLOC__interrupt, 0
0x0020	0x0084      	MOVWF      FSR
0x0021	0x0870      	MOVF       R0, 0
0x0022	0x0080      	MOVWF      INDF
;Lcd.mpas,42 :: 		delay_ms(1);
0x0023	0x3003      	MOVLW      3
0x0024	0x00FC      	MOVWF      R12
0x0025	0x3097      	MOVLW      151
0x0026	0x00FD      	MOVWF      R13
L__interrupt6:
0x0027	0x0BFD      	DECFSZ     R13, 1
0x0028	0x2827      	GOTO       L__interrupt6
0x0029	0x0BFC      	DECFSZ     R12, 1
0x002A	0x2827      	GOTO       L__interrupt6
0x002B	0x0000      	NOP
0x002C	0x0000      	NOP
;Lcd.mpas,43 :: 		end;
0x002D	0x085B      	MOVF       _g, 0
0x002E	0x3A31      	XORLW      49
0x002F	0x1903      	BTFSC      STATUS, 2
0x0030	0x2833      	GOTO       L__interrupt5
0x0031	0x0ADB      	INCF       _g, 1
0x0032	0x281A      	GOTO       L__interrupt2
L__interrupt5:
;Lcd.mpas,44 :: 		end;
L_end_interrupt:
L__interrupt24:
0x0033	0x0824      	MOVF       36, 0
0x0034	0x00F0      	MOVWF      R0
0x0035	0x0823      	MOVF       35, 0
0x0036	0x00F1      	MOVWF      R1
0x0037	0x0822      	MOVF       34, 0
0x0038	0x00F2      	MOVWF      R2
0x0039	0x0821      	MOVF       33, 0
0x003A	0x00FC      	MOVWF      R12
0x003B	0x0820      	MOVF       32, 0
0x003C	0x00FD      	MOVWF      R13
0x003D	0x0825      	MOVF       37, 0
0x003E	0x0084      	MOVWF      FSR
0x003F	0x085F      	MOVF       ___savePCLATH, 0
0x0040	0x008A      	MOVWF      PCLATH
0x0041	0x0E60      	SWAPF      ___saveSTATUS, 0
0x0042	0x0083      	MOVWF      STATUS
0x0043	0x0EFF      	SWAPF      R15, 1
0x0044	0x0E7F      	SWAPF      R15, 0
0x0045	0x0009      	RETFIE
; end of _interrupt
_Delay_1us:
;__Lib_Delays.mpas,29 :: 		begin
;__Lib_Delays.mpas,30 :: 		Delay_us(1);
0x0046	0x0000      	NOP
0x0047	0x0000      	NOP
;__Lib_Delays.mpas,31 :: 		end;
L_end_Delay_1us:
0x0048	0x0008      	RETURN
; end of _Delay_1us
_Delay_5500us:
;__Lib_Delays.mpas,59 :: 		begin
;__Lib_Delays.mpas,60 :: 		Delay_us(5500);
0x0049	0x300F      	MOVLW      15
0x004A	0x1283      	BCF        STATUS, 5
0x004B	0x1303      	BCF        STATUS, 6
0x004C	0x00FC      	MOVWF      R12
0x004D	0x3047      	MOVLW      71
0x004E	0x00FD      	MOVWF      R13
L__Delay_5500us13:
0x004F	0x0BFD      	DECFSZ     R13, 1
0x0050	0x284F      	GOTO       L__Delay_5500us13
0x0051	0x0BFC      	DECFSZ     R12, 1
0x0052	0x284F      	GOTO       L__Delay_5500us13
0x0053	0x0000      	NOP
0x0054	0x0000      	NOP
;__Lib_Delays.mpas,61 :: 		end;
L_end_Delay_5500us:
0x0055	0x0008      	RETURN
; end of _Delay_5500us
_Delay_50us:
;__Lib_Delays.mpas,44 :: 		begin
;__Lib_Delays.mpas,45 :: 		Delay_us(50);
0x0056	0x3021      	MOVLW      33
0x0057	0x1283      	BCF        STATUS, 5
0x0058	0x1303      	BCF        STATUS, 6
0x0059	0x00FD      	MOVWF      R13
L__Delay_50us7:
0x005A	0x0BFD      	DECFSZ     R13, 1
0x005B	0x285A      	GOTO       L__Delay_50us7
;__Lib_Delays.mpas,46 :: 		end;
L_end_Delay_50us:
0x005C	0x0008      	RETURN
; end of _Delay_50us
_Lcd_Cmd:
;__Lib_Lcd.mpas,33 :: 		
;__Lib_Lcd.mpas,34 :: 		
0x005D	0x1283      	BCF        STATUS, 5
0x005E	0x1303      	BCF        STATUS, 6
0x005F	0x1BE6      	BTFSC      FARG_Lcd_Cmd_out_char, 7
0x0060	0x2863      	GOTO       L__Lcd_Cmd46
0x0061	0x1388      	BCF        LCD_D7, BitPos(LCD_D7+0)
0x0062	0x2864      	GOTO       L__Lcd_Cmd47
L__Lcd_Cmd46:
0x0063	0x1788      	BSF        LCD_D7, BitPos(LCD_D7+0)
L__Lcd_Cmd47:
;__Lib_Lcd.mpas,35 :: 		
0x0064	0x1B66      	BTFSC      FARG_Lcd_Cmd_out_char, 6
0x0065	0x2868      	GOTO       L__Lcd_Cmd48
0x0066	0x1308      	BCF        LCD_D6, BitPos(LCD_D6+0)
0x0067	0x2869      	GOTO       L__Lcd_Cmd49
L__Lcd_Cmd48:
0x0068	0x1708      	BSF        LCD_D6, BitPos(LCD_D6+0)
L__Lcd_Cmd49:
;__Lib_Lcd.mpas,36 :: 		
0x0069	0x1AE6      	BTFSC      FARG_Lcd_Cmd_out_char, 5
0x006A	0x286D      	GOTO       L__Lcd_Cmd50
0x006B	0x1288      	BCF        LCD_D5, BitPos(LCD_D5+0)
0x006C	0x286E      	GOTO       L__Lcd_Cmd51
L__Lcd_Cmd50:
0x006D	0x1688      	BSF        LCD_D5, BitPos(LCD_D5+0)
L__Lcd_Cmd51:
;__Lib_Lcd.mpas,37 :: 		
0x006E	0x1A66      	BTFSC      FARG_Lcd_Cmd_out_char, 4
0x006F	0x2872      	GOTO       L__Lcd_Cmd52
0x0070	0x1208      	BCF        LCD_D4, BitPos(LCD_D4+0)
0x0071	0x2873      	GOTO       L__Lcd_Cmd53
L__Lcd_Cmd52:
0x0072	0x1608      	BSF        LCD_D4, BitPos(LCD_D4+0)
L__Lcd_Cmd53:
;__Lib_Lcd.mpas,39 :: 		
0x0073	0x182E      	BTFSC      __Lib_Lcd_cmd_status, BitPos(__Lib_Lcd_cmd_status+0)
0x0074	0x2877      	GOTO       L__Lcd_Cmd54
0x0075	0x1509      	BSF        LCD_RS, BitPos(LCD_RS+0)
0x0076	0x2878      	GOTO       L__Lcd_Cmd55
L__Lcd_Cmd54:
0x0077	0x1109      	BCF        LCD_RS, BitPos(LCD_RS+0)
L__Lcd_Cmd55:
;__Lib_Lcd.mpas,42 :: 		
0x0078	0x1489      	BSF        LCD_EN, BitPos(LCD_EN+0)
;__Lib_Lcd.mpas,43 :: 		
0x0079	0x2046      	CALL       _Delay_1us
;__Lib_Lcd.mpas,44 :: 		
0x007A	0x1089      	BCF        LCD_EN, BitPos(LCD_EN+0)
;__Lib_Lcd.mpas,47 :: 		
0x007B	0x19E6      	BTFSC      FARG_Lcd_Cmd_out_char, 3
0x007C	0x287F      	GOTO       L__Lcd_Cmd56
0x007D	0x1388      	BCF        LCD_D7, BitPos(LCD_D7+0)
0x007E	0x2880      	GOTO       L__Lcd_Cmd57
L__Lcd_Cmd56:
0x007F	0x1788      	BSF        LCD_D7, BitPos(LCD_D7+0)
L__Lcd_Cmd57:
;__Lib_Lcd.mpas,48 :: 		
0x0080	0x1966      	BTFSC      FARG_Lcd_Cmd_out_char, 2
0x0081	0x2884      	GOTO       L__Lcd_Cmd58
0x0082	0x1308      	BCF        LCD_D6, BitPos(LCD_D6+0)
0x0083	0x2885      	GOTO       L__Lcd_Cmd59
L__Lcd_Cmd58:
0x0084	0x1708      	BSF        LCD_D6, BitPos(LCD_D6+0)
L__Lcd_Cmd59:
;__Lib_Lcd.mpas,49 :: 		
0x0085	0x18E6      	BTFSC      FARG_Lcd_Cmd_out_char, 1
0x0086	0x2889      	GOTO       L__Lcd_Cmd60
0x0087	0x1288      	BCF        LCD_D5, BitPos(LCD_D5+0)
0x0088	0x288A      	GOTO       L__Lcd_Cmd61
L__Lcd_Cmd60:
0x0089	0x1688      	BSF        LCD_D5, BitPos(LCD_D5+0)
L__Lcd_Cmd61:
;__Lib_Lcd.mpas,50 :: 		
0x008A	0x1866      	BTFSC      FARG_Lcd_Cmd_out_char, 0
0x008B	0x288E      	GOTO       L__Lcd_Cmd62
0x008C	0x1208      	BCF        LCD_D4, BitPos(LCD_D4+0)
0x008D	0x288F      	GOTO       L__Lcd_Cmd63
L__Lcd_Cmd62:
0x008E	0x1608      	BSF        LCD_D4, BitPos(LCD_D4+0)
L__Lcd_Cmd63:
;__Lib_Lcd.mpas,52 :: 		
0x008F	0x182E      	BTFSC      __Lib_Lcd_cmd_status, BitPos(__Lib_Lcd_cmd_status+0)
0x0090	0x2893      	GOTO       L__Lcd_Cmd64
0x0091	0x1509      	BSF        LCD_RS, BitPos(LCD_RS+0)
0x0092	0x2894      	GOTO       L__Lcd_Cmd65
L__Lcd_Cmd64:
0x0093	0x1109      	BCF        LCD_RS, BitPos(LCD_RS+0)
L__Lcd_Cmd65:
;__Lib_Lcd.mpas,54 :: 		
0x0094	0x1489      	BSF        LCD_EN, BitPos(LCD_EN+0)
;__Lib_Lcd.mpas,55 :: 		
0x0095	0x2046      	CALL       _Delay_1us
;__Lib_Lcd.mpas,56 :: 		
0x0096	0x1089      	BCF        LCD_EN, BitPos(LCD_EN+0)
;__Lib_Lcd.mpas,58 :: 		
0x0097	0x1C2E      	BTFSS      __Lib_Lcd_cmd_status, BitPos(__Lib_Lcd_cmd_status+0)
0x0098	0x289B      	GOTO       L__Lcd_Cmd2
;__Lib_Lcd.mpas,59 :: 		
0x0099	0x2049      	CALL       _Delay_5500us
0x009A	0x289C      	GOTO       L__Lcd_Cmd3
;__Lib_Lcd.mpas,60 :: 		
L__Lcd_Cmd2:
;__Lib_Lcd.mpas,61 :: 		
0x009B	0x2056      	CALL       _Delay_50us
L__Lcd_Cmd3:
;__Lib_Lcd.mpas,62 :: 		
L_end_Lcd_Cmd:
0x009C	0x0008      	RETURN
; end of _Lcd_Cmd
_Delay_22us:
;__Lib_Delays.mpas,39 :: 		begin
;__Lib_Delays.mpas,40 :: 		Delay_us(22);
0x009D	0x300E      	MOVLW      14
0x009E	0x1283      	BCF        STATUS, 5
0x009F	0x1303      	BCF        STATUS, 6
0x00A0	0x00FD      	MOVWF      R13
L__Delay_22us5:
0x00A1	0x0BFD      	DECFSZ     R13, 1
0x00A2	0x28A1      	GOTO       L__Delay_22us5
0x00A3	0x0000      	NOP
;__Lib_Delays.mpas,41 :: 		end;
L_end_Delay_22us:
0x00A4	0x0008      	RETURN
; end of _Delay_22us
_Div_8x8_U:
;__Lib_Math.mpas,173 :: 		
;__Lib_Math.mpas,180 :: 		
0x00A5	0x1283      	BCF        STATUS, 5
0x00A6	0x1303      	BCF        STATUS, 6
0x00A7	0x0874      	MOVF       R4, 0
0x00A8	0x3A00      	XORLW      0
0x00A9	0x1D03      	BTFSS      STATUS, 2
0x00AA	0x28AE      	GOTO       L__Div_8x8_U4
;__Lib_Math.mpas,182 :: 		
0x00AB	0x30FF      	MOVLW      255
0x00AC	0x00F0      	MOVWF      R0
;__Lib_Math.mpas,183 :: 		
0x00AD	0x28BE      	GOTO       L_end__Div_8x8_U
;__Lib_Math.mpas,184 :: 		
L__Div_8x8_U4:
;__Lib_Math.mpas,187 :: 		
0x00AE	0x1283      	BCF        STATUS, 5
;__Lib_Math.mpas,188 :: 		
0x00AF	0x1303      	BCF        STATUS, 6
;__Lib_Math.mpas,189 :: 		
0x00B0	0x01F8      	CLRF       R8
;__Lib_Math.mpas,190 :: 		
0x00B1	0x3008      	MOVLW      8
;__Lib_Math.mpas,191 :: 		
0x00B2	0x00FC      	MOVWF      R12
;__Lib_Math.mpas,192 :: 		
0x00B3	0x0D70      	RLF        R0, 0
;__Lib_Math.mpas,193 :: 		
0x00B4	0x0DF8      	RLF        R8, 1
;__Lib_Math.mpas,194 :: 		
0x00B5	0x0874      	MOVF       R4, 0
;__Lib_Math.mpas,195 :: 		
0x00B6	0x02F8      	SUBWF      R8, 1
;__Lib_Math.mpas,196 :: 		
0x00B7	0x1803      	BTFSC      STATUS, 0
;__Lib_Math.mpas,197 :: 		
0x00B8	0x28BB      	GOTO       $+3
;__Lib_Math.mpas,198 :: 		
0x00B9	0x07F8      	ADDWF      R8, 1
;__Lib_Math.mpas,199 :: 		
0x00BA	0x1003      	BCF        STATUS, 0
;__Lib_Math.mpas,200 :: 		
0x00BB	0x0DF0      	RLF        R0, 1
;__Lib_Math.mpas,201 :: 		
0x00BC	0x0BFC      	DECFSZ     R12, 1
;__Lib_Math.mpas,202 :: 		
0x00BD	0x28B3      	GOTO       $-10
;__Lib_Math.mpas,204 :: 		
L_end__Div_8x8_U:
L_end_Div_8x8_U:
0x00BE	0x0008      	RETURN
; end of _Div_8x8_U
_Lcd_Chr_CP:
;__Lib_Lcd.mpas,65 :: 		
;__Lib_Lcd.mpas,66 :: 		
0x00BF	0x1283      	BCF        STATUS, 5
0x00C0	0x1303      	BCF        STATUS, 6
0x00C1	0x102E      	BCF        __Lib_Lcd_cmd_status, BitPos(__Lib_Lcd_cmd_status+0)
;__Lib_Lcd.mpas,67 :: 		
0x00C2	0x0865      	MOVF       FARG_Lcd_Chr_CP_Out_Char, 0
0x00C3	0x00E6      	MOVWF      FARG_Lcd_Cmd_out_char
0x00C4	0x205D      	CALL       _Lcd_Cmd
;__Lib_Lcd.mpas,68 :: 		
0x00C5	0x142E      	BSF        __Lib_Lcd_cmd_status, BitPos(__Lib_Lcd_cmd_status+0)
;__Lib_Lcd.mpas,69 :: 		
L_end_Lcd_Chr_CP:
0x00C6	0x0008      	RETURN
; end of _Lcd_Chr_CP
_ByteToStr:
;__Lib_Conversions.mpas,115 :: 		
;__Lib_Conversions.mpas,116 :: 		
0x00C7	0x1283      	BCF        STATUS, 5
0x00C8	0x1303      	BCF        STATUS, 6
0x00C9	0x0862      	MOVF       FARG_ByteToStr_output, 0
0x00CA	0x0084      	MOVWF      FSR
0x00CB	0x3020      	MOVLW      32
0x00CC	0x0080      	MOVWF      INDF
0x00CD	0x0A84      	INCF       FSR, 1
0x00CE	0x3020      	MOVLW      32
0x00CF	0x0080      	MOVWF      INDF
0x00D0	0x0A84      	INCF       FSR, 1
0x00D1	0x3030      	MOVLW      48
0x00D2	0x0080      	MOVWF      INDF
0x00D3	0x0A84      	INCF       FSR, 1
0x00D4	0x0180      	CLRF       INDF
0x00D5	0x0A84      	INCF       FSR, 1
;__Lib_Conversions.mpas,117 :: 		
0x00D6	0x3002      	MOVLW      2
0x00D7	0x0762      	ADDWF      FARG_ByteToStr_output, 0
0x00D8	0x00E3      	MOVWF      ByteToStr_ptr
;__Lib_Conversions.mpas,118 :: 		
L__ByteToStr8:
0x00D9	0x0861      	MOVF       FARG_ByteToStr_input, 0
0x00DA	0x3A00      	XORLW      0
0x00DB	0x1903      	BTFSC      STATUS, 2
0x00DC	0x28F3      	GOTO       L__ByteToStr9
;__Lib_Conversions.mpas,120 :: 		
0x00DD	0x300A      	MOVLW      10
0x00DE	0x00F4      	MOVWF      R4
0x00DF	0x0861      	MOVF       FARG_ByteToStr_input, 0
0x00E0	0x00F0      	MOVWF      R0
0x00E1	0x20A5      	CALL       _Div_8x8_U
0x00E2	0x0878      	MOVF       R8, 0
0x00E3	0x00F0      	MOVWF      R0
0x00E4	0x3030      	MOVLW      48
0x00E5	0x07F0      	ADDWF      R0, 1
0x00E6	0x0863      	MOVF       ByteToStr_ptr, 0
0x00E7	0x0084      	MOVWF      FSR
0x00E8	0x0870      	MOVF       R0, 0
0x00E9	0x0080      	MOVWF      INDF
;__Lib_Conversions.mpas,121 :: 		
0x00EA	0x300A      	MOVLW      10
0x00EB	0x00F4      	MOVWF      R4
0x00EC	0x0861      	MOVF       FARG_ByteToStr_input, 0
0x00ED	0x00F0      	MOVWF      R0
0x00EE	0x20A5      	CALL       _Div_8x8_U
0x00EF	0x0870      	MOVF       R0, 0
0x00F0	0x00E1      	MOVWF      FARG_ByteToStr_input
;__Lib_Conversions.mpas,122 :: 		
0x00F1	0x03E3      	DECF       ByteToStr_ptr, 1
;__Lib_Conversions.mpas,123 :: 		
0x00F2	0x28D9      	GOTO       L__ByteToStr8
L__ByteToStr9:
;__Lib_Conversions.mpas,124 :: 		
L_end_ByteToStr:
0x00F3	0x0008      	RETURN
; end of _ByteToStr
_UART1_Init:
;__Lib_UART_c67.mpas,33 :: 		
;__Lib_UART_c67.mpas,34 :: 		
0x00F4	0x1683      	BSF        STATUS, 5
0x00F5	0x1303      	BCF        STATUS, 6
0x00F6	0x1698      	BSF        TXSTA, 5
;__Lib_UART_c67.mpas,35 :: 		
0x00F7	0x3090      	MOVLW      144
0x00F8	0x1283      	BCF        STATUS, 5
0x00F9	0x0098      	MOVWF      RCSTA
;__Lib_UART_c67.mpas,36 :: 		
0x00FA	0x1683      	BSF        STATUS, 5
0x00FB	0x1787      	BSF        TRISC7_bit, BitPos(TRISC7_bit+0)
;__Lib_UART_c67.mpas,37 :: 		
0x00FC	0x1307      	BCF        TRISC6_bit, BitPos(TRISC6_bit+0)
;__Lib_UART_c67.mpas,38 :: 		
L__UART1_Init2:
0x00FD	0x1283      	BCF        STATUS, 5
0x00FE	0x1E8C      	BTFSS      PIR1, 5
0x00FF	0x2903      	GOTO       L__UART1_Init3
;__Lib_UART_c67.mpas,39 :: 		
0x0100	0x081A      	MOVF       RCREG, 0
0x0101	0x00F0      	MOVWF      R0
0x0102	0x28FD      	GOTO       L__UART1_Init2
L__UART1_Init3:
;__Lib_UART_c67.mpas,40 :: 		
L_end_UART1_Init:
0x0103	0x0008      	RETURN
; end of _UART1_Init
_Lcd_Out:
;__Lib_Lcd.mpas,207 :: 		
;__Lib_Lcd.mpas,210 :: 		
0x0104	0x1283      	BCF        STATUS, 5
0x0105	0x1303      	BCF        STATUS, 6
0x0106	0x0861      	MOVF       FARG_Lcd_Out_row, 0
0x0107	0x3A01      	XORLW      1
0x0108	0x1D03      	BTFSS      STATUS, 2
0x0109	0x290D      	GOTO       L__Lcd_Out30
0x010A	0x3080      	MOVLW      128
0x010B	0x00E1      	MOVWF      FARG_Lcd_Out_row
0x010C	0x2924      	GOTO       L__Lcd_Out27
L__Lcd_Out30:
;__Lib_Lcd.mpas,211 :: 		
0x010D	0x0861      	MOVF       FARG_Lcd_Out_row, 0
0x010E	0x3A02      	XORLW      2
0x010F	0x1D03      	BTFSS      STATUS, 2
0x0110	0x2914      	GOTO       L__Lcd_Out33
0x0111	0x30C0      	MOVLW      192
0x0112	0x00E1      	MOVWF      FARG_Lcd_Out_row
0x0113	0x2924      	GOTO       L__Lcd_Out27
L__Lcd_Out33:
;__Lib_Lcd.mpas,212 :: 		
0x0114	0x0861      	MOVF       FARG_Lcd_Out_row, 0
0x0115	0x3A03      	XORLW      3
0x0116	0x1D03      	BTFSS      STATUS, 2
0x0117	0x291B      	GOTO       L__Lcd_Out36
0x0118	0x3094      	MOVLW      148
0x0119	0x00E1      	MOVWF      FARG_Lcd_Out_row
0x011A	0x2924      	GOTO       L__Lcd_Out27
L__Lcd_Out36:
;__Lib_Lcd.mpas,213 :: 		
0x011B	0x0861      	MOVF       FARG_Lcd_Out_row, 0
0x011C	0x3A04      	XORLW      4
0x011D	0x1D03      	BTFSS      STATUS, 2
0x011E	0x2922      	GOTO       L__Lcd_Out39
0x011F	0x30D4      	MOVLW      212
0x0120	0x00E1      	MOVWF      FARG_Lcd_Out_row
;__Lib_Lcd.mpas,214 :: 		
0x0121	0x2924      	GOTO       L__Lcd_Out27
L__Lcd_Out39:
;__Lib_Lcd.mpas,215 :: 		
0x0122	0x3080      	MOVLW      128
0x0123	0x00E1      	MOVWF      FARG_Lcd_Out_row
L__Lcd_Out27:
;__Lib_Lcd.mpas,218 :: 		
0x0124	0x0362      	DECF       FARG_Lcd_Out_column, 0
0x0125	0x00F0      	MOVWF      R0
0x0126	0x0861      	MOVF       FARG_Lcd_Out_row, 0
0x0127	0x07F0      	ADDWF      R0, 1
0x0128	0x0870      	MOVF       R0, 0
0x0129	0x00E1      	MOVWF      FARG_Lcd_Out_row
;__Lib_Lcd.mpas,220 :: 		
0x012A	0x0870      	MOVF       R0, 0
0x012B	0x00E6      	MOVWF      FARG_Lcd_Cmd_out_char
0x012C	0x205D      	CALL       _Lcd_Cmd
;__Lib_Lcd.mpas,221 :: 		
0x012D	0x102E      	BCF        __Lib_Lcd_cmd_status, BitPos(__Lib_Lcd_cmd_status+0)
;__Lib_Lcd.mpas,222 :: 		
0x012E	0x01E4      	CLRF       Lcd_Out_i
;__Lib_Lcd.mpas,223 :: 		
L__Lcd_Out41:
0x012F	0x0864      	MOVF       Lcd_Out_i, 0
0x0130	0x0763      	ADDWF      FARG_Lcd_Out_text, 0
0x0131	0x0084      	MOVWF      FSR
0x0132	0x0800      	MOVF       INDF, 0
0x0133	0x3A00      	XORLW      0
0x0134	0x1903      	BTFSC      STATUS, 2
0x0135	0x293E      	GOTO       L__Lcd_Out42
;__Lib_Lcd.mpas,225 :: 		
0x0136	0x0864      	MOVF       Lcd_Out_i, 0
0x0137	0x0763      	ADDWF      FARG_Lcd_Out_text, 0
0x0138	0x0084      	MOVWF      FSR
0x0139	0x0800      	MOVF       INDF, 0
0x013A	0x00E5      	MOVWF      FARG_Lcd_Chr_CP_Out_Char
0x013B	0x20BF      	CALL       _Lcd_Chr_CP
;__Lib_Lcd.mpas,226 :: 		
0x013C	0x0AE4      	INCF       Lcd_Out_i, 1
;__Lib_Lcd.mpas,227 :: 		
0x013D	0x292F      	GOTO       L__Lcd_Out41
L__Lcd_Out42:
;__Lib_Lcd.mpas,228 :: 		
0x013E	0x142E      	BSF        __Lib_Lcd_cmd_status, BitPos(__Lib_Lcd_cmd_status+0)
;__Lib_Lcd.mpas,229 :: 		
L_end_Lcd_Out:
0x013F	0x0008      	RETURN
; end of _Lcd_Out
_UART1_Write:
;__Lib_UART_c67.mpas,72 :: 		
;__Lib_UART_c67.mpas,73 :: 		
L__UART1_Write14:
0x0140	0x1683      	BSF        STATUS, 5
0x0141	0x1303      	BCF        STATUS, 6
0x0142	0x1898      	BTFSC      TXSTA, 1
0x0143	0x2946      	GOTO       L__UART1_Write15
0x0144	0x0000      	NOP
0x0145	0x2940      	GOTO       L__UART1_Write14
L__UART1_Write15:
;__Lib_UART_c67.mpas,74 :: 		
0x0146	0x1283      	BCF        STATUS, 5
0x0147	0x0861      	MOVF       FARG_UART1_Write_data_, 0
0x0148	0x0099      	MOVWF      TXREG
;__Lib_UART_c67.mpas,75 :: 		
L_end_UART1_Write:
0x0149	0x0008      	RETURN
; end of _UART1_Write
_PWM1_Init:
;__Lib_PWM_c21.mpas,15 :: 		
;__Lib_PWM_c21.mpas,17 :: 		
0x014A	0x1283      	BCF        STATUS, 5
0x014B	0x1303      	BCF        STATUS, 6
0x014C	0x0195      	CLRF       CCPR1L
;__Lib_PWM_c21.mpas,18 :: 		
0x014D	0x1217      	BCF        CCP1CON, 4
;__Lib_PWM_c21.mpas,19 :: 		
0x014E	0x1297      	BCF        CCP1CON, 5
;__Lib_PWM_c21.mpas,20 :: 		
L_end_PWM1_Init:
0x014F	0x0008      	RETURN
; end of _PWM1_Init
_UART1_Read:
;__Lib_UART_c67.mpas,54 :: 		
;__Lib_UART_c67.mpas,55 :: 		
0x0150	0x1283      	BCF        STATUS, 5
0x0151	0x1303      	BCF        STATUS, 6
0x0152	0x081A      	MOVF       RCREG, 0
0x0153	0x00F2      	MOVWF      R2
;__Lib_UART_c67.mpas,56 :: 		
0x0154	0x1C98      	BTFSS      RCSTA, 1
0x0155	0x2958      	GOTO       L__UART1_Read9
;__Lib_UART_c67.mpas,58 :: 		
0x0156	0x1218      	BCF        RCSTA, 4
;__Lib_UART_c67.mpas,59 :: 		
0x0157	0x1618      	BSF        RCSTA, 4
;__Lib_UART_c67.mpas,60 :: 		
L__UART1_Read9:
;__Lib_UART_c67.mpas,61 :: 		
0x0158	0x0872      	MOVF       R2, 0
0x0159	0x00F1      	MOVWF      R1
;__Lib_UART_c67.mpas,62 :: 		
0x015A	0x0871      	MOVF       R1, 0
0x015B	0x00F0      	MOVWF      R0
L_end_UART1_Read:
0x015C	0x0008      	RETURN
; end of _UART1_Read
_ADC_Read:
;__Lib_ADC_A_C.mpas,79 :: 		
;__Lib_ADC_A_C.mpas,80 :: 		
0x015D	0x1283      	BCF        STATUS, 5
0x015E	0x1303      	BCF        STATUS, 6
0x015F	0x019F      	CLRF       ADCON0
;__Lib_ADC_A_C.mpas,81 :: 		
0x0160	0x30C0      	MOVLW      192
0x0161	0x049F      	IORWF      ADCON0, 1
;__Lib_ADC_A_C.mpas,82 :: 		
0x0162	0x30F0      	MOVLW      240
0x0163	0x1683      	BSF        STATUS, 5
0x0164	0x059F      	ANDWF      ADCON1, 1
;__Lib_ADC_A_C.mpas,83 :: 		
0x0165	0x171F      	BSF        ADCON1, 6
;__Lib_ADC_A_C.mpas,84 :: 		
0x0166	0x179F      	BSF        ADCON1, 7
;__Lib_ADC_A_C.mpas,85 :: 		
0x0167	0x1283      	BCF        STATUS, 5
0x0168	0x0868      	MOVF       FARG_ADC_Read_channel, 0
0x0169	0x00F0      	MOVWF      R0
0x016A	0x0DF0      	RLF        R0, 1
0x016B	0x1070      	BCF        R0, 0
0x016C	0x0DF0      	RLF        R0, 1
0x016D	0x1070      	BCF        R0, 0
0x016E	0x0DF0      	RLF        R0, 1
0x016F	0x1070      	BCF        R0, 0
0x0170	0x0870      	MOVF       R0, 0
0x0171	0x049F      	IORWF      ADCON0, 1
;__Lib_ADC_A_C.mpas,88 :: 		
0x0172	0x141F      	BSF        ADCON0, 0
;__Lib_ADC_A_C.mpas,91 :: 		
0x0173	0x209D      	CALL       _Delay_22us
;__Lib_ADC_A_C.mpas,94 :: 		
0x0174	0x151F      	BSF        ADCON0, 2
;__Lib_ADC_A_C.mpas,97 :: 		
L__ADC_Read10:
0x0175	0x1D1F      	BTFSS      ADCON0, 2
0x0176	0x2979      	GOTO       L__ADC_Read11
0x0177	0x0000      	NOP
0x0178	0x2975      	GOTO       L__ADC_Read10
L__ADC_Read11:
;__Lib_ADC_A_C.mpas,100 :: 		
0x0179	0x101F      	BCF        ADCON0, 0
;__Lib_ADC_A_C.mpas,103 :: 		
0x017A	0x081E      	MOVF       ADRESH, 0
0x017B	0x00F1      	MOVWF      R0+1
0x017C	0x01F0      	CLRF       R0
0x017D	0x1683      	BSF        STATUS, 5
0x017E	0x081E      	MOVF       ADRESL, 0
0x017F	0x0470      	IORWF      R0, 0
0x0180	0x1283      	BCF        STATUS, 5
0x0181	0x00E9      	MOVWF      ADC_Read_local_result
0x0182	0x0871      	MOVF       R0+1, 0
0x0183	0x00EA      	MOVWF      ADC_Read_local_result+1
0x0184	0x3000      	MOVLW      0
0x0185	0x04EA      	IORWF      ADC_Read_local_result+1, 1
;__Lib_ADC_A_C.mpas,105 :: 		
0x0186	0x0869      	MOVF       ADC_Read_local_result, 0
0x0187	0x00F0      	MOVWF      R0
0x0188	0x086A      	MOVF       ADC_Read_local_result+1, 0
0x0189	0x00F1      	MOVWF      R0+1
L_end_ADC_Read:
0x018A	0x0008      	RETURN
; end of _ADC_Read
_ADC_Init:
;__Lib_ADC_A_C.mpas,27 :: 		
;__Lib_ADC_A_C.mpas,28 :: 		
0x018B	0x30FF      	MOVLW      _ADC_Get_Sample
0x018C	0x1283      	BCF        STATUS, 5
0x018D	0x1303      	BCF        STATUS, 6
0x018E	0x00DC      	MOVWF      _ADC_Get_Sample_Ptr
0x018F	0x30FF      	MOVLW      hi_addr(_ADC_Get_Sample)
0x0190	0x00DD      	MOVWF      _ADC_Get_Sample_Ptr+1
0x0191	0x30FF      	MOVLW      FARG_ADC_Get_Sample_channel
0x0192	0x00DE      	MOVWF      _ADC_Get_Sample_Ptr+2
0x0193	0x30FF      	MOVLW      hi_addr(FARG_ADC_Get_Sample_channel)
;__Lib_ADC_A_C.mpas,30 :: 		
0x0194	0x019F      	CLRF       ADCON0
;__Lib_ADC_A_C.mpas,31 :: 		
0x0195	0x30C0      	MOVLW      192
0x0196	0x049F      	IORWF      ADCON0, 1
;__Lib_ADC_A_C.mpas,32 :: 		
0x0197	0x30F0      	MOVLW      240
0x0198	0x1683      	BSF        STATUS, 5
0x0199	0x059F      	ANDWF      ADCON1, 1
;__Lib_ADC_A_C.mpas,33 :: 		
0x019A	0x171F      	BSF        ADCON1, 6
;__Lib_ADC_A_C.mpas,34 :: 		
0x019B	0x179F      	BSF        ADCON1, 7
;__Lib_ADC_A_C.mpas,37 :: 		
0x019C	0x1283      	BCF        STATUS, 5
0x019D	0x141F      	BSF        ADCON0, 0
;__Lib_ADC_A_C.mpas,38 :: 		
L_end_ADC_Init:
0x019E	0x0008      	RETURN
; end of _ADC_Init
_Lcd_Init:
;__Lib_Lcd.mpas,104 :: 		
;__Lib_Lcd.mpas,106 :: 		
0x019F	0x1683      	BSF        STATUS, 5
0x01A0	0x1303      	BCF        STATUS, 6
0x01A1	0x1089      	BCF        LCD_EN_Direction, BitPos(LCD_EN_Direction+0)
;__Lib_Lcd.mpas,107 :: 		
0x01A2	0x1109      	BCF        LCD_RS_Direction, BitPos(LCD_RS_Direction+0)
;__Lib_Lcd.mpas,108 :: 		
0x01A3	0x1208      	BCF        LCD_D4_Direction, BitPos(LCD_D4_Direction+0)
;__Lib_Lcd.mpas,109 :: 		
0x01A4	0x1288      	BCF        LCD_D5_Direction, BitPos(LCD_D5_Direction+0)
;__Lib_Lcd.mpas,110 :: 		
0x01A5	0x1308      	BCF        LCD_D6_Direction, BitPos(LCD_D6_Direction+0)
;__Lib_Lcd.mpas,111 :: 		
0x01A6	0x1388      	BCF        LCD_D7_Direction, BitPos(LCD_D7_Direction+0)
;__Lib_Lcd.mpas,113 :: 		
0x01A7	0x1283      	BCF        STATUS, 5
0x01A8	0x1089      	BCF        LCD_EN, BitPos(LCD_EN+0)
;__Lib_Lcd.mpas,114 :: 		
0x01A9	0x1109      	BCF        LCD_RS, BitPos(LCD_RS+0)
;__Lib_Lcd.mpas,115 :: 		
0x01AA	0x1388      	BCF        LCD_D7, BitPos(LCD_D7+0)
;__Lib_Lcd.mpas,116 :: 		
0x01AB	0x1308      	BCF        LCD_D6, BitPos(LCD_D6+0)
;__Lib_Lcd.mpas,117 :: 		
0x01AC	0x1288      	BCF        LCD_D5, BitPos(LCD_D5+0)
;__Lib_Lcd.mpas,118 :: 		
0x01AD	0x1208      	BCF        LCD_D4, BitPos(LCD_D4+0)
;__Lib_Lcd.mpas,120 :: 		
0x01AE	0x2049      	CALL       _Delay_5500us
;__Lib_Lcd.mpas,121 :: 		
0x01AF	0x2049      	CALL       _Delay_5500us
;__Lib_Lcd.mpas,122 :: 		
0x01B0	0x2049      	CALL       _Delay_5500us
;__Lib_Lcd.mpas,125 :: 		
0x01B1	0x1688      	BSF        LCD_D5, BitPos(LCD_D5+0)
;__Lib_Lcd.mpas,126 :: 		
0x01B2	0x1608      	BSF        LCD_D4, BitPos(LCD_D4+0)
;__Lib_Lcd.mpas,127 :: 		
0x01B3	0x1489      	BSF        LCD_EN, BitPos(LCD_EN+0)
;__Lib_Lcd.mpas,128 :: 		
0x01B4	0x2046      	CALL       _Delay_1us
;__Lib_Lcd.mpas,129 :: 		
0x01B5	0x1089      	BCF        LCD_EN, BitPos(LCD_EN+0)
;__Lib_Lcd.mpas,130 :: 		
0x01B6	0x2049      	CALL       _Delay_5500us
;__Lib_Lcd.mpas,132 :: 		
0x01B7	0x1489      	BSF        LCD_EN, BitPos(LCD_EN+0)
;__Lib_Lcd.mpas,133 :: 		
0x01B8	0x2046      	CALL       _Delay_1us
;__Lib_Lcd.mpas,134 :: 		
0x01B9	0x1089      	BCF        LCD_EN, BitPos(LCD_EN+0)
;__Lib_Lcd.mpas,135 :: 		
0x01BA	0x2049      	CALL       _Delay_5500us
;__Lib_Lcd.mpas,137 :: 		
0x01BB	0x1489      	BSF        LCD_EN, BitPos(LCD_EN+0)
;__Lib_Lcd.mpas,138 :: 		
0x01BC	0x2046      	CALL       _Delay_1us
;__Lib_Lcd.mpas,139 :: 		
0x01BD	0x1089      	BCF        LCD_EN, BitPos(LCD_EN+0)
;__Lib_Lcd.mpas,140 :: 		
0x01BE	0x2049      	CALL       _Delay_5500us
;__Lib_Lcd.mpas,143 :: 		
0x01BF	0x1208      	BCF        LCD_D4, BitPos(LCD_D4+0)
;__Lib_Lcd.mpas,144 :: 		
0x01C0	0x1489      	BSF        LCD_EN, BitPos(LCD_EN+0)
;__Lib_Lcd.mpas,145 :: 		
0x01C1	0x2046      	CALL       _Delay_1us
;__Lib_Lcd.mpas,146 :: 		
0x01C2	0x1089      	BCF        LCD_EN, BitPos(LCD_EN+0)
;__Lib_Lcd.mpas,147 :: 		
0x01C3	0x2049      	CALL       _Delay_5500us
;__Lib_Lcd.mpas,150 :: 		
0x01C4	0x1489      	BSF        LCD_EN, BitPos(LCD_EN+0)
;__Lib_Lcd.mpas,151 :: 		
0x01C5	0x2046      	CALL       _Delay_1us
;__Lib_Lcd.mpas,152 :: 		
0x01C6	0x1089      	BCF        LCD_EN, BitPos(LCD_EN+0)
;__Lib_Lcd.mpas,154 :: 		
0x01C7	0x1288      	BCF        LCD_D5, BitPos(LCD_D5+0)
;__Lib_Lcd.mpas,155 :: 		
0x01C8	0x1788      	BSF        LCD_D7, BitPos(LCD_D7+0)
;__Lib_Lcd.mpas,156 :: 		
0x01C9	0x1489      	BSF        LCD_EN, BitPos(LCD_EN+0)
;__Lib_Lcd.mpas,157 :: 		
0x01CA	0x2046      	CALL       _Delay_1us
;__Lib_Lcd.mpas,158 :: 		
0x01CB	0x1089      	BCF        LCD_EN, BitPos(LCD_EN+0)
;__Lib_Lcd.mpas,159 :: 		
0x01CC	0x2049      	CALL       _Delay_5500us
;__Lib_Lcd.mpas,162 :: 		
0x01CD	0x1388      	BCF        LCD_D7, BitPos(LCD_D7+0)
;__Lib_Lcd.mpas,163 :: 		
0x01CE	0x1608      	BSF        LCD_D4, BitPos(LCD_D4+0)
;__Lib_Lcd.mpas,164 :: 		
0x01CF	0x1489      	BSF        LCD_EN, BitPos(LCD_EN+0)
;__Lib_Lcd.mpas,165 :: 		
0x01D0	0x2046      	CALL       _Delay_1us
;__Lib_Lcd.mpas,166 :: 		
0x01D1	0x1089      	BCF        LCD_EN, BitPos(LCD_EN+0)
;__Lib_Lcd.mpas,168 :: 		
0x01D2	0x1208      	BCF        LCD_D4, BitPos(LCD_D4+0)
;__Lib_Lcd.mpas,169 :: 		
0x01D3	0x1489      	BSF        LCD_EN, BitPos(LCD_EN+0)
;__Lib_Lcd.mpas,170 :: 		
0x01D4	0x2046      	CALL       _Delay_1us
;__Lib_Lcd.mpas,171 :: 		
0x01D5	0x1089      	BCF        LCD_EN, BitPos(LCD_EN+0)
;__Lib_Lcd.mpas,172 :: 		
0x01D6	0x2049      	CALL       _Delay_5500us
;__Lib_Lcd.mpas,175 :: 		
0x01D7	0x1489      	BSF        LCD_EN, BitPos(LCD_EN+0)
;__Lib_Lcd.mpas,176 :: 		
0x01D8	0x2046      	CALL       _Delay_1us
;__Lib_Lcd.mpas,177 :: 		
0x01D9	0x1089      	BCF        LCD_EN, BitPos(LCD_EN+0)
;__Lib_Lcd.mpas,179 :: 		
0x01DA	0x1608      	BSF        LCD_D4, BitPos(LCD_D4+0)
;__Lib_Lcd.mpas,180 :: 		
0x01DB	0x1489      	BSF        LCD_EN, BitPos(LCD_EN+0)
;__Lib_Lcd.mpas,181 :: 		
0x01DC	0x2046      	CALL       _Delay_1us
;__Lib_Lcd.mpas,182 :: 		
0x01DD	0x1089      	BCF        LCD_EN, BitPos(LCD_EN+0)
;__Lib_Lcd.mpas,183 :: 		
0x01DE	0x2049      	CALL       _Delay_5500us
;__Lib_Lcd.mpas,186 :: 		
0x01DF	0x1208      	BCF        LCD_D4, BitPos(LCD_D4+0)
;__Lib_Lcd.mpas,187 :: 		
0x01E0	0x1489      	BSF        LCD_EN, BitPos(LCD_EN+0)
;__Lib_Lcd.mpas,188 :: 		
0x01E1	0x2046      	CALL       _Delay_1us
;__Lib_Lcd.mpas,189 :: 		
0x01E2	0x1089      	BCF        LCD_EN, BitPos(LCD_EN+0)
;__Lib_Lcd.mpas,191 :: 		
0x01E3	0x1788      	BSF        LCD_D7, BitPos(LCD_D7+0)
;__Lib_Lcd.mpas,192 :: 		
0x01E4	0x1708      	BSF        LCD_D6, BitPos(LCD_D6+0)
;__Lib_Lcd.mpas,193 :: 		
0x01E5	0x1688      	BSF        LCD_D5, BitPos(LCD_D5+0)
;__Lib_Lcd.mpas,194 :: 		
0x01E6	0x1608      	BSF        LCD_D4, BitPos(LCD_D4+0)
;__Lib_Lcd.mpas,195 :: 		
0x01E7	0x1489      	BSF        LCD_EN, BitPos(LCD_EN+0)
;__Lib_Lcd.mpas,196 :: 		
0x01E8	0x2046      	CALL       _Delay_1us
;__Lib_Lcd.mpas,197 :: 		
0x01E9	0x1089      	BCF        LCD_EN, BitPos(LCD_EN+0)
;__Lib_Lcd.mpas,199 :: 		
0x01EA	0x2049      	CALL       _Delay_5500us
;__Lib_Lcd.mpas,201 :: 		
0x01EB	0x142E      	BSF        __Lib_Lcd_cmd_status, BitPos(__Lib_Lcd_cmd_status+0)
;__Lib_Lcd.mpas,202 :: 		
L_end_Lcd_Init:
0x01EC	0x0008      	RETURN
; end of _Lcd_Init
_main:
;Lcd.mpas,46 :: 		begin
;Lcd.mpas,49 :: 		txt1 := 'Terceiro Trabalho';
0x01ED	0x3054      	MOVLW      84
0x01EE	0x1283      	BCF        STATUS, 5
0x01EF	0x1303      	BCF        STATUS, 6
0x01F0	0x00B0      	MOVWF      _txt1
0x01F1	0x3065      	MOVLW      101
0x01F2	0x00B1      	MOVWF      _txt1+1
0x01F3	0x3072      	MOVLW      114
0x01F4	0x00B2      	MOVWF      _txt1+2
0x01F5	0x3063      	MOVLW      99
0x01F6	0x00B3      	MOVWF      _txt1+3
0x01F7	0x3065      	MOVLW      101
0x01F8	0x00B4      	MOVWF      _txt1+4
0x01F9	0x3069      	MOVLW      105
0x01FA	0x00B5      	MOVWF      _txt1+5
0x01FB	0x3072      	MOVLW      114
0x01FC	0x00B6      	MOVWF      _txt1+6
0x01FD	0x306F      	MOVLW      111
0x01FE	0x00B7      	MOVWF      _txt1+7
0x01FF	0x3020      	MOVLW      32
0x0200	0x00B8      	MOVWF      _txt1+8
0x0201	0x3054      	MOVLW      84
0x0202	0x00B9      	MOVWF      _txt1+9
0x0203	0x3072      	MOVLW      114
0x0204	0x00BA      	MOVWF      _txt1+10
0x0205	0x3061      	MOVLW      97
0x0206	0x00BB      	MOVWF      _txt1+11
0x0207	0x3062      	MOVLW      98
0x0208	0x00BC      	MOVWF      _txt1+12
0x0209	0x3061      	MOVLW      97
0x020A	0x00BD      	MOVWF      _txt1+13
0x020B	0x306C      	MOVLW      108
0x020C	0x00BE      	MOVWF      _txt1+14
0x020D	0x3068      	MOVLW      104
0x020E	0x00BF      	MOVWF      _txt1+15
0x020F	0x306F      	MOVLW      111
0x0210	0x00C0      	MOVWF      _txt1+16
0x0211	0x01C1      	CLRF       _txt1+17
;Lcd.mpas,50 :: 		txt2 := 'MicroControlador';
0x0212	0x304D      	MOVLW      77
0x0213	0x00C1      	MOVWF      _txt2
0x0214	0x3069      	MOVLW      105
0x0215	0x00C2      	MOVWF      _txt2+1
0x0216	0x3063      	MOVLW      99
0x0217	0x00C3      	MOVWF      _txt2+2
0x0218	0x3072      	MOVLW      114
0x0219	0x00C4      	MOVWF      _txt2+3
0x021A	0x306F      	MOVLW      111
0x021B	0x00C5      	MOVWF      _txt2+4
0x021C	0x3043      	MOVLW      67
0x021D	0x00C6      	MOVWF      _txt2+5
0x021E	0x306F      	MOVLW      111
0x021F	0x00C7      	MOVWF      _txt2+6
0x0220	0x306E      	MOVLW      110
0x0221	0x00C8      	MOVWF      _txt2+7
0x0222	0x3074      	MOVLW      116
0x0223	0x00C9      	MOVWF      _txt2+8
0x0224	0x3072      	MOVLW      114
0x0225	0x00CA      	MOVWF      _txt2+9
0x0226	0x306F      	MOVLW      111
0x0227	0x00CB      	MOVWF      _txt2+10
0x0228	0x306C      	MOVLW      108
0x0229	0x00CC      	MOVWF      _txt2+11
0x022A	0x3061      	MOVLW      97
0x022B	0x00CD      	MOVWF      _txt2+12
0x022C	0x3064      	MOVLW      100
0x022D	0x00CE      	MOVWF      _txt2+13
0x022E	0x306F      	MOVLW      111
0x022F	0x00CF      	MOVWF      _txt2+14
0x0230	0x3072      	MOVLW      114
0x0231	0x00D0      	MOVWF      _txt2+15
0x0232	0x01D1      	CLRF       _txt2+16
;Lcd.mpas,51 :: 		txt3 := '';
0x0233	0x01D1      	CLRF       _txt3
;Lcd.mpas,52 :: 		txt4 := 'Exemplo';
0x0234	0x3045      	MOVLW      69
0x0235	0x00A6      	MOVWF      _txt4
0x0236	0x3078      	MOVLW      120
0x0237	0x00A7      	MOVWF      _txt4+1
0x0238	0x3065      	MOVLW      101
0x0239	0x00A8      	MOVWF      _txt4+2
0x023A	0x306D      	MOVLW      109
0x023B	0x00A9      	MOVWF      _txt4+3
0x023C	0x3070      	MOVLW      112
0x023D	0x00AA      	MOVWF      _txt4+4
0x023E	0x306C      	MOVLW      108
0x023F	0x00AB      	MOVWF      _txt4+5
0x0240	0x306F      	MOVLW      111
0x0241	0x00AC      	MOVWF      _txt4+6
0x0242	0x01AD      	CLRF       _txt4+7
;Lcd.mpas,54 :: 		PWM1_Init(5000);
0x0243	0x1012      	BCF        T2CON, 0
0x0244	0x1092      	BCF        T2CON, 1
0x0245	0x1412      	BSF        T2CON, 0
0x0246	0x1092      	BCF        T2CON, 1
0x0247	0x3063      	MOVLW      99
0x0248	0x1683      	BSF        STATUS, 5
0x0249	0x0092      	MOVWF      PR2
0x024A	0x214A      	CALL       _PWM1_Init
;Lcd.mpas,55 :: 		j:= 0;
0x024B	0x01AF      	CLRF       _j
;Lcd.mpas,56 :: 		i:= 0;
0x024C	0x01DA      	CLRF       _i
;Lcd.mpas,57 :: 		TRISC :=0;
0x024D	0x1683      	BSF        STATUS, 5
0x024E	0x0187      	CLRF       TRISC
;Lcd.mpas,58 :: 		PORTC := %00000000;
0x024F	0x1283      	BCF        STATUS, 5
0x0250	0x0187      	CLRF       PORTC
;Lcd.mpas,59 :: 		ADC_Init();
0x0251	0x218B      	CALL       _ADC_Init
;Lcd.mpas,60 :: 		UART1_Init(9600);
0x0252	0x3033      	MOVLW      51
0x0253	0x1683      	BSF        STATUS, 5
0x0254	0x0099      	MOVWF      SPBRG
0x0255	0x1518      	BSF        TXSTA, 2
0x0256	0x20F4      	CALL       _UART1_Init
;Lcd.mpas,61 :: 		Lcd_Init();                        // Initialize LCD
0x0257	0x219F      	CALL       _Lcd_Init
;Lcd.mpas,62 :: 		Lcd_Cmd(_LCD_CLEAR);               // Clear display
0x0258	0x3001      	MOVLW      1
0x0259	0x00E6      	MOVWF      FARG_Lcd_Cmd_out_char
0x025A	0x205D      	CALL       _Lcd_Cmd
;Lcd.mpas,63 :: 		Lcd_Cmd(_LCD_CURSOR_OFF);          // Cursor off
0x025B	0x300C      	MOVLW      12
0x025C	0x00E6      	MOVWF      FARG_Lcd_Cmd_out_char
0x025D	0x205D      	CALL       _Lcd_Cmd
;Lcd.mpas,64 :: 		LCD_Out(1,6,txt3);                 // Write text in first row
0x025E	0x3001      	MOVLW      1
0x025F	0x00E1      	MOVWF      FARG_Lcd_Out_row
0x0260	0x3006      	MOVLW      6
0x0261	0x00E2      	MOVWF      FARG_Lcd_Out_column
0x0262	0x3051      	MOVLW      _txt3
0x0263	0x00E3      	MOVWF      FARG_Lcd_Out_text
0x0264	0x2104      	CALL       _Lcd_Out
;Lcd.mpas,65 :: 		LCD_Out(2,6,txt4);                 // Write text in second row
0x0265	0x3002      	MOVLW      2
0x0266	0x00E1      	MOVWF      FARG_Lcd_Out_row
0x0267	0x3006      	MOVLW      6
0x0268	0x00E2      	MOVWF      FARG_Lcd_Out_column
0x0269	0x3026      	MOVLW      _txt4
0x026A	0x00E3      	MOVWF      FARG_Lcd_Out_text
0x026B	0x2104      	CALL       _Lcd_Out
;Lcd.mpas,66 :: 		Delay_ms(2000);
0x026C	0x3015      	MOVLW      21
0x026D	0x00FB      	MOVWF      R11
0x026E	0x304B      	MOVLW      75
0x026F	0x00FC      	MOVWF      R12
0x0270	0x30BE      	MOVLW      190
0x0271	0x00FD      	MOVWF      R13
L__main8:
0x0272	0x0BFD      	DECFSZ     R13, 1
0x0273	0x2A72      	GOTO       L__main8
0x0274	0x0BFC      	DECFSZ     R12, 1
0x0275	0x2A72      	GOTO       L__main8
0x0276	0x0BFB      	DECFSZ     R11, 1
0x0277	0x2A72      	GOTO       L__main8
0x0278	0x0000      	NOP
;Lcd.mpas,67 :: 		Lcd_Cmd(_LCD_CLEAR);               // Clear display
0x0279	0x3001      	MOVLW      1
0x027A	0x00E6      	MOVWF      FARG_Lcd_Cmd_out_char
0x027B	0x205D      	CALL       _Lcd_Cmd
;Lcd.mpas,69 :: 		LCD_Out(1,1,txt1);
0x027C	0x3001      	MOVLW      1
0x027D	0x00E1      	MOVWF      FARG_Lcd_Out_row
0x027E	0x3001      	MOVLW      1
0x027F	0x00E2      	MOVWF      FARG_Lcd_Out_column
0x0280	0x3030      	MOVLW      _txt1
0x0281	0x00E3      	MOVWF      FARG_Lcd_Out_text
0x0282	0x2104      	CALL       _Lcd_Out
;Lcd.mpas,70 :: 		Delay_ms(2000);                 // Write text in first row
0x0283	0x3015      	MOVLW      21
0x0284	0x00FB      	MOVWF      R11
0x0285	0x304B      	MOVLW      75
0x0286	0x00FC      	MOVWF      R12
0x0287	0x30BE      	MOVLW      190
0x0288	0x00FD      	MOVWF      R13
L__main9:
0x0289	0x0BFD      	DECFSZ     R13, 1
0x028A	0x2A89      	GOTO       L__main9
0x028B	0x0BFC      	DECFSZ     R12, 1
0x028C	0x2A89      	GOTO       L__main9
0x028D	0x0BFB      	DECFSZ     R11, 1
0x028E	0x2A89      	GOTO       L__main9
0x028F	0x0000      	NOP
;Lcd.mpas,71 :: 		Lcd_Cmd(_LCD_CLEAR);
0x0290	0x3001      	MOVLW      1
0x0291	0x00E6      	MOVWF      FARG_Lcd_Cmd_out_char
0x0292	0x205D      	CALL       _Lcd_Cmd
;Lcd.mpas,73 :: 		TRISB :=0;
0x0293	0x1683      	BSF        STATUS, 5
0x0294	0x0186      	CLRF       TRISB
;Lcd.mpas,74 :: 		PORTB := %00000000;
0x0295	0x1283      	BCF        STATUS, 5
0x0296	0x0186      	CLRF       PORTB
;Lcd.mpas,75 :: 		g:= 0;
0x0297	0x01DB      	CLRF       _g
;Lcd.mpas,79 :: 		INTCON.GIE:=1;
0x0298	0x178B      	BSF        INTCON, 7
;Lcd.mpas,80 :: 		INTCON.PEIE:=1;
0x0299	0x170B      	BSF        INTCON, 6
;Lcd.mpas,81 :: 		PIE1.RCIE:=1;
0x029A	0x1683      	BSF        STATUS, 5
0x029B	0x168C      	BSF        PIE1, 5
;Lcd.mpas,82 :: 		TMR1H := 0;
0x029C	0x1283      	BCF        STATUS, 5
0x029D	0x018F      	CLRF       TMR1H
;Lcd.mpas,83 :: 		TMR1L := 0;
0x029E	0x018E      	CLRF       TMR1L
;Lcd.mpas,84 :: 		T1CON := 0;
0x029F	0x0190      	CLRF       T1CON
;Lcd.mpas,87 :: 		while TRUE do                      // Endless loop
L__main11:
;Lcd.mpas,89 :: 		LCD_Out(2,1,txt2);
0x02A0	0x3002      	MOVLW      2
0x02A1	0x00E1      	MOVWF      FARG_Lcd_Out_row
0x02A2	0x3001      	MOVLW      1
0x02A3	0x00E2      	MOVWF      FARG_Lcd_Out_column
0x02A4	0x3041      	MOVLW      _txt2
0x02A5	0x00E3      	MOVWF      FARG_Lcd_Out_text
0x02A6	0x2104      	CALL       _Lcd_Out
;Lcd.mpas,90 :: 		i:= UART1_Read;
0x02A7	0x2150      	CALL       _UART1_Read
0x02A8	0x0870      	MOVF       R0, 0
0x02A9	0x00DA      	MOVWF      _i
;Lcd.mpas,91 :: 		if i='L' then
0x02AA	0x0870      	MOVF       R0, 0
0x02AB	0x3A4C      	XORLW      76
0x02AC	0x1D03      	BTFSS      STATUS, 2
0x02AD	0x2AC7      	GOTO       L__main16
;Lcd.mpas,93 :: 		for j:= 0 to 49 do
0x02AE	0x01AF      	CLRF       _j
L__main19:
;Lcd.mpas,95 :: 		bytetostr(j, txt1);
0x02AF	0x082F      	MOVF       _j, 0
0x02B0	0x00E1      	MOVWF      FARG_ByteToStr_input
0x02B1	0x3030      	MOVLW      _txt1
0x02B2	0x00E2      	MOVWF      FARG_ByteToStr_output
0x02B3	0x20C7      	CALL       _ByteToStr
;Lcd.mpas,96 :: 		LCD_Out(1,1, txt1);
0x02B4	0x3001      	MOVLW      1
0x02B5	0x00E1      	MOVWF      FARG_Lcd_Out_row
0x02B6	0x3001      	MOVLW      1
0x02B7	0x00E2      	MOVWF      FARG_Lcd_Out_column
0x02B8	0x3030      	MOVLW      _txt1
0x02B9	0x00E3      	MOVWF      FARG_Lcd_Out_text
0x02BA	0x2104      	CALL       _Lcd_Out
;Lcd.mpas,97 :: 		UART1_Write(mov[j]);
0x02BB	0x082F      	MOVF       _j, 0
0x02BC	0x3EA0      	ADDLW      _mov
0x02BD	0x0084      	MOVWF      FSR
0x02BE	0x0800      	MOVF       INDF, 0
0x02BF	0x00E1      	MOVWF      FARG_UART1_Write_data_
0x02C0	0x2140      	CALL       _UART1_Write
;Lcd.mpas,98 :: 		end;
0x02C1	0x082F      	MOVF       _j, 0
0x02C2	0x3A31      	XORLW      49
0x02C3	0x1903      	BTFSC      STATUS, 2
0x02C4	0x2AC7      	GOTO       L__main22
0x02C5	0x0AAF      	INCF       _j, 1
0x02C6	0x2AAF      	GOTO       L__main19
L__main22:
;Lcd.mpas,99 :: 		end;
L__main16:
;Lcd.mpas,100 :: 		end;
0x02C7	0x2AA0      	GOTO       L__main11
;Lcd.mpas,101 :: 		end.
L_end_main:
0x02C8	0x2AC8      	GOTO       $+0
; end of _main
Symbol List:
//** Routines locations **
//ADDRESS    SIZE    PROCEDURE
//----------------------------------------------
0x0004      [66]    _interrupt
0x0046       [3]    _Delay_1us
0x0049      [13]    _Delay_5500us
0x0056       [7]    _Delay_50us
0x005D      [64]    _Lcd_Cmd
0x009D       [8]    _Delay_22us
0x00A5      [26]    _Div_8x8_U
0x00BF       [8]    _Lcd_Chr_CP
0x00C7      [45]    _ByteToStr
0x00F4      [16]    _UART1_Init
0x0104      [60]    _Lcd_Out
0x0140      [10]    _UART1_Write
0x014A       [6]    _PWM1_Init
0x0150      [13]    _UART1_Read
0x015D      [46]    _ADC_Read
0x018B      [20]    _ADC_Init
0x019F      [78]    _Lcd_Init
0x01ED     [220]    _main
//** Variables locations ** 
//ADDRESS    SIZE    VARIABLE
//----------------------------------------------
0x0003       [1]    STATUS
0x0004       [1]    FSR
0x0006       [1]    PORTB
0x0007       [1]    PORTC
0x0008       [0]    RD4_bit
0x0008       [0]    RD5_bit
0x0008       [0]    RD7_bit
0x0008       [0]    RD6_bit
0x0008       [0]    LCD_D6
0x0008       [0]    LCD_D4
0x0008       [0]    LCD_D5
0x0008       [0]    LCD_D7
0x0009       [0]    LCD_RS
0x0009       [0]    RE2_bit
0x0009       [0]    LCD_EN
0x0009       [0]    RE1_bit
0x000B       [1]    INTCON
0x000C       [1]    PIR1
0x000E       [1]    TMR1L
0x000F       [1]    TMR1H
0x0010       [1]    T1CON
0x0012       [1]    T2CON
0x0015       [1]    CCPR1L
0x0017       [1]    CCP1CON
0x0018       [1]    RCSTA
0x0019       [1]    TXREG
0x001A       [1]    RCREG
0x001E       [1]    ADRESH
0x001F       [1]    ADCON0
0x0026       [8]    _txt4
0x002E       [0]    __Lib_Lcd_cmd_status
0x002F       [1]    _j
0x0030      [17]    _txt1
0x0041      [16]    _txt2
0x0051       [9]    _txt3
0x005A       [1]    _i
0x005B       [1]    _g
0x005C       [3]    _ADC_Get_Sample_Ptr
0x005F       [1]    ___savePCLATH
0x0060       [1]    ___saveSTATUS
0x0061       [1]    FARG_ByteToStr_input
0x0061       [4]    FARG_PWM1_Init_PWM_Freq
0x0061       [1]    FARG_UART1_Write_data_
0x0061       [1]    FARG_Lcd_Out_row
0x0062       [1]    FARG_Lcd_Out_column
0x0062       [1]    FARG_ByteToStr_output
0x0063       [1]    ByteToStr_ptr
0x0063       [1]    FARG_Lcd_Out_text
0x0064       [1]    Lcd_Out_i
0x0065       [1]    FARG_Lcd_Chr_CP_Out_Char
0x0066       [1]    FARG_Lcd_Cmd_out_char
0x0067       [1]    FLOC__interrupt
0x0068       [1]    FARG_ADC_Read_channel
0x0069       [2]    ADC_Read_local_result
0x0070       [1]    R0
0x0071       [1]    R1
0x0072       [1]    R2
0x0073       [1]    R3
0x0074       [1]    R4
0x0075       [1]    R5
0x0076       [1]    R6
0x0077       [1]    R7
0x0078       [1]    R8
0x0079       [1]    R9
0x007A       [1]    R10
0x007B       [1]    R11
0x007C       [1]    R12
0x007D       [1]    R13
0x007E       [1]    R14
0x007F       [1]    R15
0x0086       [1]    TRISB
0x0087       [0]    TRISC7_bit
0x0087       [1]    TRISC
0x0087       [0]    TRISC6_bit
0x0088       [0]    LCD_D4_Direction
0x0088       [0]    LCD_D7_Direction
0x0088       [0]    LCD_D6_Direction
0x0088       [0]    LCD_D5_Direction
0x0088       [0]    TRISD6_bit
0x0088       [0]    TRISD4_bit
0x0088       [0]    TRISD7_bit
0x0088       [0]    TRISD5_bit
0x0089       [0]    LCD_EN_Direction
0x0089       [0]    LCD_RS_Direction
0x0089       [0]    TRISE1_bit
0x0089       [0]    TRISE2_bit
0x008C       [1]    PIE1
0x0092       [1]    PR2
0x0098       [1]    TXSTA
0x0099       [1]    SPBRG
0x009E       [1]    ADRESL
0x009F       [1]    ADCON1
0x00A0      [51]    _mov
